<?xml version="1.0" encoding="UTF-8"?>
<!-- Generated by org.testng.reporters.JUnitReportReporter -->
<testsuite hostname="VJ-PC" name="com.gktech.sellcars.LocateDealer" tests="4" failures="0" timestamp="22 Mar 2016 16:44:59 GMT" time="0.000" errors="4">
  <testcase name="locateDealer" time="0.000" classname="com.gktech.sellcars.LocateDealer"/>
  <testcase name="locateDealer" time="0.000" classname="com.gktech.sellcars.LocateDealer"/>
  <testcase name="locateDealer" time="0.000" classname="com.gktech.sellcars.LocateDealer"/>
  <testcase name="locateDealer" time="0.000" classname="com.gktech.sellcars.LocateDealer"/>
</testsuite> <!-- com.gktech.sellcars.LocateDealer -->
