<?xml version="1.0" encoding="UTF-8"?>
<!-- Generated by org.testng.reporters.JUnitReportReporter -->
<testsuite hostname="VJ-PC" name="com.gktech.sellcars.SearchCar" tests="3" failures="0" timestamp="22 Mar 2016 16:44:59 GMT" time="0.000" errors="3">
  <testcase name="searchCar" time="0.000" classname="com.gktech.sellcars.SearchCar"/>
  <testcase name="searchCar" time="0.000" classname="com.gktech.sellcars.SearchCar"/>
  <testcase name="searchCar" time="0.000" classname="com.gktech.sellcars.SearchCar"/>
</testsuite> <!-- com.gktech.sellcars.SearchCar -->
